2026-05-24 19:11:39,481 - root - INFO - loading home
2026-05-24 19:11:51,663 - root - INFO - loading home
2026-05-24 19:12:59,520 - root - INFO - loading home
2026-05-24 19:14:08,356 - root - INFO - loading home
2026-05-24 19:14:29,425 - [INFO] - loading home
2026-05-24 19:40:10,328 - [INFO] - loading home
2026-05-24 19:40:13,153 - [INFO] - connected by salman
2026-05-24 19:40:13,163 - [INFO] - salman has saved as a new user
2026-05-24 19:40:22,098 - [INFO] - loading home
2026-05-24 19:40:25,734 - [INFO] - connected by farhana
2026-05-24 19:40:32,075 - [INFO] - loading home
2026-05-24 19:40:32,623 - [INFO] - loading home
2026-05-24 19:40:35,043 - [INFO] - connected by salman
2026-05-24 19:40:35,048 - [INFO] - salman has saved as a new user
2026-05-24 19:41:13,082 - [INFO] - loading home
2026-05-24 19:41:16,466 - [INFO] - connected by farhana
2026-05-24 19:41:16,466 - [INFO] - farhana has saved as a new user
2026-05-24 19:41:43,308 - [INFO] - loading home
2026-05-24 19:41:46,520 - [INFO] - connected by farhana
2026-05-24 19:42:24,059 - [INFO] - loading home
2026-05-24 19:42:27,051 - [INFO] - connected by salman
2026-05-24 19:44:01,014 - [INFO] - loading home
2026-05-24 19:44:05,333 - [INFO] - connected by farhana
2026-05-24 19:44:19,364 - [INFO] - loading home
2026-05-24 19:44:22,134 - [INFO] - connected by salman
2026-05-24 19:46:54,531 - [INFO] - loading home
2026-05-24 19:46:57,546 - [INFO] - connected by salman
